Using pre-set license
Built from '2020.3/staging' branch; Version is '2020.3.4f1 (0abb6314276a) revision 703331'; Using compiler version '192528614'; Build Type 'Release'
OS: 'Windows 10 Home; OS build 19042.1052; Version 2009; 64bit' Language: 'en' Physical Memory: 16280 MB
BatchMode: 1, IsHumanControllingUs: 0, StartBugReporterOnCrash: 0, Is64bit: 1, IsPro: 0

 COMMAND LINE ARGUMENTS:
C:\Program Files\Unity\Hub\Editor\2020.3.4f1\Editor\Unity.exe
-adb2
-batchMode
-noUpm
-name
AssetImportWorker0
-projectPath
D:/Torrens/RGP204/A2/unity/RGP204_A2
-logFile
Logs/AssetImportWorker0.log
-srvPort
51511
Successfully changed project path to: D:/Torrens/RGP204/A2/unity/RGP204_A2
D:/Torrens/RGP204/A2/unity/RGP204_A2
Using Asset Import Pipeline V2.
Refreshing native plugins compatible for Editor in 29.94 ms, found 0 plugins.
Preloading 0 native plugins for Editor in 0.00 ms.
Initialize engine version: 2020.3.4f1 (0abb6314276a)
[Subsystems] Discovering subsystems at path C:/Program Files/Unity/Hub/Editor/2020.3.4f1/Editor/Data/Resources/UnitySubsystems
[Subsystems] Discovering subsystems at path D:/Torrens/RGP204/A2/unity/RGP204_A2/Assets
GfxDevice: creating device client; threaded=0
Direct3D:
    Version:  Direct3D 11.0 [level 11.1]
    Renderer: NVIDIA GeForce GTX 1050 (ID=0x1c8d)
    Vendor:   
    VRAM:     4021 MB
    Driver:   27.21.14.6627
Initialize mono
Mono path[0] = 'C:/Program Files/Unity/Hub/Editor/2020.3.4f1/Editor/Data/Managed'
Mono path[1] = 'C:/Program Files/Unity/Hub/Editor/2020.3.4f1/Editor/Data/MonoBleedingEdge/lib/mono/unityjit'
Mono config path = 'C:/Program Files/Unity/Hub/Editor/2020.3.4f1/Editor/Data/MonoBleedingEdge/etc'
Using monoOptions --debugger-agent=transport=dt_socket,embedding=1,server=y,suspend=n,address=127.0.0.1:56564
Begin MonoManager ReloadAssembly
Registering precompiled unity dll's ...
Register platform support module: C:/Program Files/Unity/Hub/Editor/2020.3.4f1/Editor/Data/PlaybackEngines/WindowsStandaloneSupport/UnityEditor.WindowsStandalone.Extensions.dll
Registered in 0.002971 seconds.
Native extension for WindowsStandalone target not found
Refreshing native plugins compatible for Editor in 28.90 ms, found 0 plugins.
Preloading 0 native plugins for Editor in 0.00 ms.
Mono: successfully reloaded assembly
- Completed reload, in  1.433 seconds
Platform modules already initialized, skipping
Registering precompiled user dll's ...
Registered in 0.000872 seconds.
Begin MonoManager ReloadAssembly
Native extension for WindowsStandalone target not found
Refreshing native plugins compatible for Editor in 0.23 ms, found 0 plugins.
Preloading 0 native plugins for Editor in 0.00 ms.
Mono: successfully reloaded assembly
- Completed reload, in  1.130 seconds
Platform modules already initialized, skipping
========================================================================
Worker process is ready to serve import requests
Launched and connected shader compiler UnityShaderCompiler.exe after 0.09 seconds
Refreshing native plugins compatible for Editor in 0.28 ms, found 0 plugins.
Preloading 0 native plugins for Editor in 0.00 ms.
Unloading 1115 Unused Serialized files (Serialized files now loaded: 0)
System memory in use before: 57.2 MB.
System memory in use after: 57.2 MB.

Unloading 10 unused Assets to reduce memory usage. Loaded Objects now: 1557.
Total: 2.608000 ms (FindLiveObjects: 0.393500 ms CreateObjectMapping: 0.074800 ms MarkObjects: 2.040800 ms  DeleteObjects: 0.096500 ms)

========================================================================
Received Import Request.
  path: Assets
  artifactKey: Guid(00000000000000001000000000000000) Importer(815301076,1909f56bfc062723c751e8b465ee728b)
Start importing Assets using Guid(00000000000000001000000000000000) Importer(815301076,1909f56bfc062723c751e8b465ee728b)  -> (artifact id: '025e4f587c23674256bb898581e82961') in 0.010253 seconds
  Import took 0.012469 seconds .

========================================================================
Received Import Request.
  Time since last request: 1.374572 seconds.
  path: Assets/character
  artifactKey: Guid(9026859261a43974ca0c9f3b38f49b1d) Importer(815301076,1909f56bfc062723c751e8b465ee728b)
Start importing Assets/character using Guid(9026859261a43974ca0c9f3b38f49b1d) Importer(815301076,1909f56bfc062723c751e8b465ee728b)  -> (artifact id: '72133e851b03166bb775d35fa9fec040') in 0.002298 seconds
  Import took 0.010542 seconds .

========================================================================
Received Import Request.
  Time since last request: 0.003622 seconds.
  path: Assets/character
  artifactKey: Guid(9026859261a43974ca0c9f3b38f49b1d) Importer(815301076,1909f56bfc062723c751e8b465ee728b)
Start importing Assets/character using Guid(9026859261a43974ca0c9f3b38f49b1d) Importer(815301076,1909f56bfc062723c751e8b465ee728b)  -> (artifact id: '72133e851b03166bb775d35fa9fec040') in 0.002728 seconds
  Import took 0.006587 seconds .

========================================================================
Received Import Request.
  Time since last request: 5.831635 seconds.
  path: Assets/character/character.mb
  artifactKey: Guid(d900b973a80536c43952b13a2eade345) Importer(815301076,1909f56bfc062723c751e8b465ee728b)
Start importing Assets/character/character.mb using Guid(d900b973a80536c43952b13a2eade345) Importer(815301076,1909f56bfc062723c751e8b465ee728b)  -> (artifact id: '1306da97548d7a8765601654bbdc0756') in 0.034200 seconds
  Import took 0.036417 seconds .

========================================================================
Received Import Request.
  Time since last request: 0.015187 seconds.
  path: Assets/character/character.mb
  artifactKey: Guid(d900b973a80536c43952b13a2eade345) Importer(815301076,1909f56bfc062723c751e8b465ee728b)
Start importing Assets/character/character.mb using Guid(d900b973a80536c43952b13a2eade345) Importer(815301076,1909f56bfc062723c751e8b465ee728b)  -> (artifact id: '1306da97548d7a8765601654bbdc0756') in 0.003503 seconds
  Import took 0.006081 seconds .

AssetImportWorkerClient::OnTransportError - code=2 error=End of file
