Using pre-set license
Built from '2020.3/staging' branch; Version is '2020.3.4f1 (0abb6314276a) revision 703331'; Using compiler version '192528614'; Build Type 'Release'
OS: 'Windows 10 Home; OS build 19042.1052; Version 2009; 64bit' Language: 'en' Physical Memory: 16280 MB
BatchMode: 1, IsHumanControllingUs: 0, StartBugReporterOnCrash: 0, Is64bit: 1, IsPro: 0

 COMMAND LINE ARGUMENTS:
C:\Program Files\Unity\Hub\Editor\2020.3.4f1\Editor\Unity.exe
-adb2
-batchMode
-noUpm
-name
AssetImportWorker0
-projectPath
D:/Torrens/RGP204/A2/unity/RGP204_A2
-logFile
Logs/AssetImportWorker0.log
-srvPort
63008
Successfully changed project path to: D:/Torrens/RGP204/A2/unity/RGP204_A2
D:/Torrens/RGP204/A2/unity/RGP204_A2
Using Asset Import Pipeline V2.
Refreshing native plugins compatible for Editor in 27.93 ms, found 0 plugins.
Preloading 0 native plugins for Editor in 0.00 ms.
Initialize engine version: 2020.3.4f1 (0abb6314276a)
[Subsystems] Discovering subsystems at path C:/Program Files/Unity/Hub/Editor/2020.3.4f1/Editor/Data/Resources/UnitySubsystems
[Subsystems] Discovering subsystems at path D:/Torrens/RGP204/A2/unity/RGP204_A2/Assets
GfxDevice: creating device client; threaded=0
Direct3D:
    Version:  Direct3D 11.0 [level 11.1]
    Renderer: NVIDIA GeForce GTX 1050 (ID=0x1c8d)
    Vendor:   
    VRAM:     4021 MB
    Driver:   27.21.14.6627
Initialize mono
Mono path[0] = 'C:/Program Files/Unity/Hub/Editor/2020.3.4f1/Editor/Data/Managed'
Mono path[1] = 'C:/Program Files/Unity/Hub/Editor/2020.3.4f1/Editor/Data/MonoBleedingEdge/lib/mono/unityjit'
Mono config path = 'C:/Program Files/Unity/Hub/Editor/2020.3.4f1/Editor/Data/MonoBleedingEdge/etc'
Using monoOptions --debugger-agent=transport=dt_socket,embedding=1,server=y,suspend=n,address=127.0.0.1:56960
Begin MonoManager ReloadAssembly
Registering precompiled unity dll's ...
Register platform support module: C:/Program Files/Unity/Hub/Editor/2020.3.4f1/Editor/Data/PlaybackEngines/WindowsStandaloneSupport/UnityEditor.WindowsStandalone.Extensions.dll
Registered in 0.003259 seconds.
Native extension for WindowsStandalone target not found
Refreshing native plugins compatible for Editor in 30.38 ms, found 0 plugins.
Preloading 0 native plugins for Editor in 0.00 ms.
Mono: successfully reloaded assembly
- Completed reload, in  1.405 seconds
Platform modules already initialized, skipping
Registering precompiled user dll's ...
Registered in 0.000787 seconds.
Begin MonoManager ReloadAssembly
Native extension for WindowsStandalone target not found
Refreshing native plugins compatible for Editor in 0.23 ms, found 0 plugins.
Preloading 0 native plugins for Editor in 0.00 ms.
Mono: successfully reloaded assembly
- Completed reload, in  1.304 seconds
Platform modules already initialized, skipping
========================================================================
Worker process is ready to serve import requests
Launched and connected shader compiler UnityShaderCompiler.exe after 0.08 seconds
Refreshing native plugins compatible for Editor in 0.23 ms, found 0 plugins.
Preloading 0 native plugins for Editor in 0.00 ms.
Unloading 1115 Unused Serialized files (Serialized files now loaded: 0)
System memory in use before: 57.1 MB.
System memory in use after: 57.2 MB.

Unloading 10 unused Assets to reduce memory usage. Loaded Objects now: 1557.
Total: 2.541700 ms (FindLiveObjects: 0.261800 ms CreateObjectMapping: 0.077400 ms MarkObjects: 2.108300 ms  DeleteObjects: 0.093000 ms)

========================================================================
Received Import Request.
  path: Assets/Maps/Level_1.fbx
  artifactKey: Guid(ce29b9d0bd2c2b146bb31c189354cee6) Importer(815301076,1909f56bfc062723c751e8b465ee728b)
Start importing Assets/Maps/Level_1.fbx using Guid(ce29b9d0bd2c2b146bb31c189354cee6) Importer(815301076,1909f56bfc062723c751e8b465ee728b)  -> (artifact id: '312bf1fbdedb0592bf32bc60a09ffea7') in 0.507860 seconds
  Import took 0.512743 seconds .

========================================================================
Received Import Request.
  Time since last request: 0.000338 seconds.
  path: Assets/Maps/Level_2.fbx
  artifactKey: Guid(45010e9294ba93742a85858e612cd10a) Importer(815301076,1909f56bfc062723c751e8b465ee728b)
Start importing Assets/Maps/Level_2.fbx using Guid(45010e9294ba93742a85858e612cd10a) Importer(815301076,1909f56bfc062723c751e8b465ee728b)  -> (artifact id: '656ff8d0de2656f106cd743a77b28565') in 0.314973 seconds
  Import took 0.319073 seconds .

========================================================================
Received Import Request.
  Time since last request: 0.000300 seconds.
  path: Assets/Maps/Level_0.fbx
  artifactKey: Guid(d108eb606ec6cff4587defa5cc5c2bc4) Importer(815301076,1909f56bfc062723c751e8b465ee728b)
Start importing Assets/Maps/Level_0.fbx using Guid(d108eb606ec6cff4587defa5cc5c2bc4) Importer(815301076,1909f56bfc062723c751e8b465ee728b)  -> (artifact id: '5d761febba42e6d6c055ac20dfa4870d') in 0.168872 seconds
  Import took 0.171470 seconds .

========================================================================
Received Prepare
Registering precompiled user dll's ...
Registered in 0.000807 seconds.
Begin MonoManager ReloadAssembly
Native extension for WindowsStandalone target not found
Refreshing native plugins compatible for Editor in 0.26 ms, found 0 plugins.
Preloading 0 native plugins for Editor in 0.00 ms.
Mono: successfully reloaded assembly
- Completed reload, in  1.140 seconds
Platform modules already initialized, skipping
Refreshing native plugins compatible for Editor in 0.23 ms, found 0 plugins.
Preloading 0 native plugins for Editor in 0.00 ms.
Unloading 1110 Unused Serialized files (Serialized files now loaded: 0)
System memory in use before: 61.0 MB.
System memory in use after: 61.0 MB.

Unloading 5 unused Assets to reduce memory usage. Loaded Objects now: 1603.
Total: 2.324500 ms (FindLiveObjects: 0.226100 ms CreateObjectMapping: 0.062900 ms MarkObjects: 1.960000 ms  DeleteObjects: 0.073800 ms)

========================================================================
Received Prepare
Registering precompiled user dll's ...
Registered in 0.003243 seconds.
Begin MonoManager ReloadAssembly
Native extension for WindowsStandalone target not found
Refreshing native plugins compatible for Editor in 0.29 ms, found 0 plugins.
Preloading 0 native plugins for Editor in 0.00 ms.
Mono: successfully reloaded assembly
- Completed reload, in  1.871 seconds
Platform modules already initialized, skipping
Refreshing native plugins compatible for Editor in 1.03 ms, found 0 plugins.
Preloading 0 native plugins for Editor in 0.00 ms.
Unloading 1110 Unused Serialized files (Serialized files now loaded: 0)
System memory in use before: 61.0 MB.
System memory in use after: 61.1 MB.

Unloading 5 unused Assets to reduce memory usage. Loaded Objects now: 1606.
Total: 3.321100 ms (FindLiveObjects: 0.262300 ms CreateObjectMapping: 0.117500 ms MarkObjects: 2.801300 ms  DeleteObjects: 0.138400 ms)

========================================================================
Received Import Request.
  Time since last request: 1145.240796 seconds.
  path: Assets/Maps/Level_2.fbx
  artifactKey: Guid(45010e9294ba93742a85858e612cd10a) Importer(815301076,1909f56bfc062723c751e8b465ee728b)
Start importing Assets/Maps/Level_2.fbx using Guid(45010e9294ba93742a85858e612cd10a) Importer(815301076,1909f56bfc062723c751e8b465ee728b)  -> (artifact id: '3d9a7fc893a98fdfb2b9bdd44da758bd') in 0.523236 seconds
  Import took 0.528333 seconds .

========================================================================
Received Import Request.
  Time since last request: 8.969016 seconds.
  path: Assets/Maps/Level_2.fbx
  artifactKey: Guid(45010e9294ba93742a85858e612cd10a) Importer(815301076,1909f56bfc062723c751e8b465ee728b)
Start importing Assets/Maps/Level_2.fbx using Guid(45010e9294ba93742a85858e612cd10a) Importer(815301076,1909f56bfc062723c751e8b465ee728b)  -> (artifact id: 'ee047983404e9185e1693ea9b6e16be2') in 0.406333 seconds
  Import took 0.410885 seconds .

========================================================================
Received Import Request.
  Time since last request: 34.821000 seconds.
  path: Assets/Maps/Level_2.fbx
  artifactKey: Guid(45010e9294ba93742a85858e612cd10a) Importer(815301076,1909f56bfc062723c751e8b465ee728b)
Start importing Assets/Maps/Level_2.fbx using Guid(45010e9294ba93742a85858e612cd10a) Importer(815301076,1909f56bfc062723c751e8b465ee728b)  -> (artifact id: 'fd2daa63cc735e0121d4bf2a8e4423e9') in 0.408005 seconds
  Import took 0.413198 seconds .

========================================================================
Received Import Request.
  Time since last request: 46.056620 seconds.
  path: Assets/Maps/Level_2.fbx
  artifactKey: Guid(45010e9294ba93742a85858e612cd10a) Importer(815301076,1909f56bfc062723c751e8b465ee728b)
Start importing Assets/Maps/Level_2.fbx using Guid(45010e9294ba93742a85858e612cd10a) Importer(815301076,1909f56bfc062723c751e8b465ee728b)  -> (artifact id: '03d540be901ff9495bb6218902318833') in 0.411638 seconds
  Import took 0.416276 seconds .

========================================================================
Received Import Request.
  Time since last request: 4.382126 seconds.
  path: Assets/Maps/Level_2.fbx
  artifactKey: Guid(45010e9294ba93742a85858e612cd10a) Importer(815301076,1909f56bfc062723c751e8b465ee728b)
Start importing Assets/Maps/Level_2.fbx using Guid(45010e9294ba93742a85858e612cd10a) Importer(815301076,1909f56bfc062723c751e8b465ee728b)  -> (artifact id: '6c99e29b9c43df71094514c346f38b36') in 0.378492 seconds
  Import took 0.406519 seconds .

========================================================================
Received Import Request.
  Time since last request: 70.741392 seconds.
  path: Assets/Maps/Level_0.fbx
  artifactKey: Guid(d108eb606ec6cff4587defa5cc5c2bc4) Importer(815301076,1909f56bfc062723c751e8b465ee728b)
Start importing Assets/Maps/Level_0.fbx using Guid(d108eb606ec6cff4587defa5cc5c2bc4) Importer(815301076,1909f56bfc062723c751e8b465ee728b)  -> (artifact id: 'e560e5980bec5d6f0d7d11ddf86c838e') in 0.182194 seconds
  Import took 0.185046 seconds .

========================================================================
Received Prepare
Registering precompiled user dll's ...
Registered in 0.000815 seconds.
Begin MonoManager ReloadAssembly
Native extension for WindowsStandalone target not found
Refreshing native plugins compatible for Editor in 0.22 ms, found 0 plugins.
Preloading 0 native plugins for Editor in 0.00 ms.
Mono: successfully reloaded assembly
- Completed reload, in  1.081 seconds
Platform modules already initialized, skipping
Refreshing native plugins compatible for Editor in 0.22 ms, found 0 plugins.
Preloading 0 native plugins for Editor in 0.00 ms.
Unloading 1110 Unused Serialized files (Serialized files now loaded: 0)
System memory in use before: 61.4 MB.
System memory in use after: 61.4 MB.

Unloading 5 unused Assets to reduce memory usage. Loaded Objects now: 1610.
Total: 3.127300 ms (FindLiveObjects: 0.703400 ms CreateObjectMapping: 0.102300 ms MarkObjects: 2.226900 ms  DeleteObjects: 0.092600 ms)

========================================================================
Received Import Request.
  Time since last request: 55.730756 seconds.
  path: Assets/Scripts
  artifactKey: Guid(2dabdf1e168c8444d9819880877c25b5) Importer(815301076,1909f56bfc062723c751e8b465ee728b)
Start importing Assets/Scripts using Guid(2dabdf1e168c8444d9819880877c25b5) Importer(815301076,1909f56bfc062723c751e8b465ee728b)  -> (artifact id: 'bafe31bd000a6047ad3ee9cbd09c53a6') in 0.004280 seconds
  Import took 0.007091 seconds .

========================================================================
Received Import Request.
  Time since last request: 19.452177 seconds.
  path: Assets/Scripts/CameraMovement.cs
  artifactKey: Guid(23bb90e26867b43498f90123e05a5163) Importer(815301076,1909f56bfc062723c751e8b465ee728b)
Start importing Assets/Scripts/CameraMovement.cs using Guid(23bb90e26867b43498f90123e05a5163) Importer(815301076,1909f56bfc062723c751e8b465ee728b)  -> (artifact id: 'e7c552aad8b5f69caf1a877b65c45e86') in 0.040401 seconds
  Import took 0.042900 seconds .

========================================================================
Received Prepare
Registering precompiled user dll's ...
Registered in 0.000909 seconds.
Begin MonoManager ReloadAssembly
Native extension for WindowsStandalone target not found
Refreshing native plugins compatible for Editor in 0.25 ms, found 0 plugins.
Preloading 0 native plugins for Editor in 0.00 ms.
Mono: successfully reloaded assembly
- Completed reload, in  4.539 seconds
Platform modules already initialized, skipping
Refreshing native plugins compatible for Editor in 0.33 ms, found 0 plugins.
Preloading 0 native plugins for Editor in 0.00 ms.
Unloading 1111 Unused Serialized files (Serialized files now loaded: 0)
System memory in use before: 61.4 MB.
System memory in use after: 61.5 MB.

Unloading 5 unused Assets to reduce memory usage. Loaded Objects now: 1614.
Total: 4.131900 ms (FindLiveObjects: 0.230700 ms CreateObjectMapping: 0.062800 ms MarkObjects: 3.766000 ms  DeleteObjects: 0.069200 ms)

AssetImportWorkerClient::OnTransportError - code=2 error=End of file
